<?xml version="1.0" encoding="UTF-8" ?>
<testsuite tests="8" failures="0" name="Database_Integration.InsertFormController_UnitTest" time="0.003" errors="0" skipped="0">
  <properties>
[...]
</properties>
  <testcase classname="Database_Integration.InsertFormController_UnitTest" name="testAlertBox" time="0.003"/>
  <testcase classname="Database_Integration.InsertFormController_UnitTest" name="testAbout" time="0"/>
  <testcase classname="Database_Integration.InsertFormController_UnitTest" name="testInit" time="0"/>
  <testcase classname="Database_Integration.InsertFormController_UnitTest" name="testAddToDatabase" time="0"/>
  <testcase classname="Database_Integration.InsertFormController_UnitTest" name="testAddPhoto" time="0"/>
  <testcase classname="Database_Integration.InsertFormController_UnitTest" name="testInitialize" time="0"/>
  <testcase classname="Database_Integration.InsertFormController_UnitTest" name="testBackToTable" time="0"/>
  <testcase classname="Database_Integration.InsertFormController_UnitTest" name="testCloseFromMenu" time="0"/>
</testsuite>